TN:
SF:src/Revista.ts
FN:17,(anonymous_0)
FN:26,(anonymous_1)
FN:34,(anonymous_2)
FN:42,(anonymous_3)
FN:50,(anonymous_4)
FN:58,(anonymous_5)
FN:70,(anonymous_6)
FN:82,(anonymous_7)
FN:83,(anonymous_8)
FN:89,(anonymous_9)
FNF:10
FNH:10
FNDA:1,(anonymous_0)
FNDA:1,(anonymous_1)
FNDA:4,(anonymous_2)
FNDA:2,(anonymous_3)
FNDA:3,(anonymous_4)
FNDA:3,(anonymous_5)
FNDA:2,(anonymous_6)
FNDA:2,(anonymous_7)
FNDA:2,(anonymous_8)
FNDA:1,(anonymous_9)
DA:6,1
DA:9,1
DA:10,1
DA:17,1
DA:18,1
DA:19,1
DA:27,1
DA:35,4
DA:43,2
DA:51,3
DA:59,3
DA:60,1
DA:62,2
DA:71,2
DA:72,2
DA:73,1
DA:75,1
DA:83,2
DA:90,1
DA:91,1
DA:92,1
LF:21
LH:21
BRDA:59,0,0,1
BRDA:59,0,1,2
BRDA:72,1,0,1
BRDA:72,1,1,1
BRF:4
BRH:4
end_of_record
TN:
SF:src/Suscriptor.ts
FN:20,(anonymous_0)
FN:31,(anonymous_1)
FN:39,(anonymous_2)
FN:47,(anonymous_3)
FN:55,(anonymous_4)
FN:63,(anonymous_5)
FNF:6
FNH:6
FNDA:3,(anonymous_0)
FNDA:3,(anonymous_1)
FNDA:1,(anonymous_2)
FNDA:1,(anonymous_3)
FNDA:1,(anonymous_4)
FNDA:2,(anonymous_5)
DA:2,1
DA:7,1
DA:20,3
DA:21,3
DA:22,3
DA:23,3
DA:24,3
DA:32,3
DA:40,1
DA:48,1
DA:56,1
DA:64,2
DA:65,2
LF:13
LH:13
BRDA:64,0,0,2
BRDA:64,0,1,0
BRF:2
BRH:1
end_of_record
